# JRE version: Java(TM) SE Runtime Environment (8.0_73-b02) (build 1.8.0_73-b02)
# Java VM: Java HotSpot(TM) 64-Bit Server VM (25.73-b02 mixed mode windows-amd64 compressed oops)
Heap:
 PSYoungGen      total 438784K, used 62659K [0x000000076af00000, 0x000000078bd00000, 0x00000007c0000000)
  eden space 427520K, 12% used [0x000000076af00000,0x000000076e138188,0x0000000785080000)
  from space 11264K, 99% used [0x0000000785e80000,0x0000000786978b00,0x0000000786980000)
  to   space 14336K, 0% used [0x0000000785080000,0x0000000785080000,0x0000000785e80000)
 ParOldGen       total 215552K, used 24484K [0x00000006c0c00000, 0x00000006cde80000, 0x000000076af00000)
  object space 215552K, 11% used [0x00000006c0c00000,0x00000006c23e9180,0x00000006cde80000)
 Metaspace       used 80525K, capacity 81448K, committed 82176K, reserved 1122304K
  class space    used 9185K, capacity 9428K, committed 9472K, reserved 1048576K
GC Heap History (10 events):
Event: 7.266 GC heap before
{Heap before GC invocations=15 (full 2):
 PSYoungGen      total 349696K, used 349669K [0x000000076af00000, 0x0000000781000000, 0x00000007c0000000)
  eden space 341504K, 100% used [0x000000076af00000,0x000000077fc80000,0x000000077fc80000)
  from space 8192K, 99% used [0x0000000780800000,0x0000000780ff9710,0x0000000781000000)
  to   space 9216K, 0% used [0x000000077fe00000,0x000000077fe00000,0x0000000780700000)
 ParOldGen       total 149504K, used 13355K [0x00000006c0c00000, 0x00000006c9e00000, 0x000000076af00000)
  object space 149504K, 8% used [0x00000006c0c00000,0x00000006c190afd0,0x00000006c9e00000)
 Metaspace       used 52992K, capacity 53672K, committed 54144K, reserved 1097728K
  class space    used 6032K, capacity 6180K, committed 6272K, reserved 1048576K
Event: 7.274 GC heap after
Heap after GC invocations=15 (full 2):
 PSYoungGen      total 352256K, used 9205K [0x000000076af00000, 0x0000000786980000, 0x00000007c0000000)
  eden space 343040K, 0% used [0x000000076af00000,0x000000076af00000,0x000000077fe00000)
  from space 9216K, 99% used [0x000000077fe00000,0x00000007806fd710,0x0000000780700000)
  to   space 11264K, 0% used [0x0000000785e80000,0x0000000785e80000,0x0000000786980000)
 ParOldGen       total 149504K, used 16910K [0x00000006c0c00000, 0x00000006c9e00000, 0x000000076af00000)
  object space 149504K, 11% used [0x00000006c0c00000,0x00000006c1c838c8,0x00000006c9e00000)
 Metaspace       used 52992K, capacity 53672K, committed 54144K, reserved 1097728K
  class space    used 6032K, capacity 6180K, committed 6272K, reserved 1048576K
}
Event: 7.889 GC heap before
{Heap before GC invocations=16 (full 2):
 PSYoungGen      total 352256K, used 203842K [0x000000076af00000, 0x0000000786980000, 0x00000007c0000000)
  eden space 343040K, 56% used [0x000000076af00000,0x0000000776d13468,0x000000077fe00000)
  from space 9216K, 99% used [0x000000077fe00000,0x00000007806fd710,0x0000000780700000)
  to   space 11264K, 0% used [0x0000000785e80000,0x0000000785e80000,0x0000000786980000)
 ParOldGen       total 149504K, used 16910K [0x00000006c0c00000, 0x00000006c9e00000, 0x000000076af00000)
  object space 149504K, 11% used [0x00000006c0c00000,0x00000006c1c838c8,0x00000006c9e00000)
 Metaspace       used 57931K, capacity 58648K, committed 59008K, reserved 1101824K
  class space    used 6595K, capacity 6780K, committed 6784K, reserved 1048576K
Event: 7.896 GC heap after
Heap after GC invocations=16 (full 2):
 PSYoungGen      total 441856K, used 4146K [0x000000076af00000, 0x0000000786d00000, 0x00000007c0000000)
  eden space 430592K, 0% used [0x000000076af00000,0x000000076af00000,0x0000000785380000)
  from space 11264K, 36% used [0x0000000785e80000,0x000000078628cbe0,0x0000000786980000)
  to   space 11264K, 0% used [0x0000000785380000,0x0000000785380000,0x0000000785e80000)
 ParOldGen       total 149504K, used 22150K [0x00000006c0c00000, 0x00000006c9e00000, 0x000000076af00000)
  object space 149504K, 14% used [0x00000006c0c00000,0x00000006c21a19d0,0x00000006c9e00000)
 Metaspace       used 57931K, capacity 58648K, committed 59008K, reserved 1101824K
  class space    used 6595K, capacity 6780K, committed 6784K, reserved 1048576K
}
Event: 7.896 GC heap before
{Heap before GC invocations=17 (full 3):
 PSYoungGen      total 441856K, used 4146K [0x000000076af00000, 0x0000000786d00000, 0x00000007c0000000)
  eden space 430592K, 0% used [0x000000076af00000,0x000000076af00000,0x0000000785380000)
  from space 11264K, 36% used [0x0000000785e80000,0x000000078628cbe0,0x0000000786980000)
  to   space 11264K, 0% used [0x0000000785380000,0x0000000785380000,0x0000000785e80000)
 ParOldGen       total 149504K, used 22150K [0x00000006c0c00000, 0x00000006c9e00000, 0x000000076af00000)
  object space 149504K, 14% used [0x00000006c0c00000,0x00000006c21a19d0,0x00000006c9e00000)
 Metaspace       used 57931K, capacity 58648K, committed 59008K, reserved 1101824K
  class space    used 6595K, capacity 6780K, committed 6784K, reserved 1048576K
Event: 7.995 GC heap after
Heap after GC invocations=17 (full 3):
 PSYoungGen      total 441856K, used 0K [0x000000076af00000, 0x0000000786d00000, 0x00000007c0000000)
  eden space 430592K, 0% used [0x000000076af00000,0x000000076af00000,0x0000000785380000)
  from space 11264K, 0% used [0x0000000785e80000,0x0000000785e80000,0x0000000786980000)
  to   space 11264K, 0% used [0x0000000785380000,0x0000000785380000,0x0000000785e80000)
 ParOldGen       total 215552K, used 21617K [0x00000006c0c00000, 0x00000006cde80000, 0x000000076af00000)
  object space 215552K, 10% used [0x00000006c0c00000,0x00000006c211c640,0x00000006cde80000)
 Metaspace       used 57856K, capacity 58528K, committed 59008K, reserved 1101824K
  class space    used 6584K, capacity 6760K, committed 6784K, reserved 1048576K
}
Event: 9.303 GC heap before
{Heap before GC invocations=18 (full 3):
 PSYoungGen      total 441856K, used 430592K [0x000000076af00000, 0x0000000786d00000, 0x00000007c0000000)
  eden space 430592K, 100% used [0x000000076af00000,0x0000000785380000,0x0000000785380000)
  from space 11264K, 0% used [0x0000000785e80000,0x0000000785e80000,0x0000000786980000)
  to   space 11264K, 0% used [0x0000000785380000,0x0000000785380000,0x0000000785e80000)
 ParOldGen       total 215552K, used 21617K [0x00000006c0c00000, 0x00000006cde80000, 0x000000076af00000)
  object space 215552K, 10% used [0x00000006c0c00000,0x00000006c211c640,0x00000006cde80000)
 Metaspace       used 68733K, capacity 69534K, committed 70016K, reserved 1112064K
  class space    used 7830K, capacity 8045K, committed 8064K, reserved 1048576K
Event: 9.312 GC heap after
Heap after GC invocations=18 (full 3):
 PSYoungGen      total 441856K, used 10077K [0x000000076af00000, 0x0000000786d00000, 0x00000007c0000000)
  eden space 430592K, 0% used [0x000000076af00000,0x000000076af00000,0x0000000785380000)
  from space 11264K, 89% used [0x0000000785380000,0x0000000785d57710,0x0000000785e80000)
  to   space 11264K, 0% used [0x0000000785e80000,0x0000000785e80000,0x0000000786980000)
 ParOldGen       total 215552K, used 21625K [0x00000006c0c00000, 0x00000006cde80000, 0x000000076af00000)
  object space 215552K, 10% used [0x00000006c0c00000,0x00000006c211e640,0x00000006cde80000)
 Metaspace       used 68733K, capacity 69534K, committed 70016K, reserved 1112064K
  class space    used 7830K, capacity 8045K, committed 8064K, reserved 1048576K
}
Event: 10.574 GC heap before
{Heap before GC invocations=19 (full 3):
 PSYoungGen      total 441856K, used 440669K [0x000000076af00000, 0x0000000786d00000, 0x00000007c0000000)
  eden space 430592K, 100% used [0x000000076af00000,0x0000000785380000,0x0000000785380000)
  from space 11264K, 89% used [0x0000000785380000,0x0000000785d57710,0x0000000785e80000)
  to   space 11264K, 0% used [0x0000000785e80000,0x0000000785e80000,0x0000000786980000)
 ParOldGen       total 215552K, used 21625K [0x00000006c0c00000, 0x00000006cde80000, 0x000000076af00000)
  object space 215552K, 10% used [0x00000006c0c00000,0x00000006c211e640,0x00000006cde80000)
 Metaspace       used 79013K, capacity 79958K, committed 80512K, reserved 1120256K
  class space    used 9039K, capacity 9297K, committed 9344K, reserved 1048576K
Event: 10.582 GC heap after
Heap after GC invocations=19 (full 3):
 PSYoungGen      total 438784K, used 11234K [0x000000076af00000, 0x000000078bd00000, 0x00000007c0000000)
  eden space 427520K, 0% used [0x000000076af00000,0x000000076af00000,0x0000000785080000)
  from space 11264K, 99% used [0x0000000785e80000,0x0000000786978b00,0x0000000786980000)
  to   space 14336K, 0% used [0x0000000785080000,0x0000000785080000,0x0000000785e80000)
 ParOldGen       total 215552K, used 24484K [0x00000006c0c00000, 0x00000006cde80000, 0x000000076af00000)
  object space 215552K, 11% used [0x00000006c0c00000,0x00000006c23e9180,0x00000006cde80000)
 Metaspace       used 79013K, capacity 79958K, committed 80512K, reserved 1120256K
  class space    used 9039K, capacity 9297K, committed 9344K, reserved 1048576K
}

